# JRE version: Java(TM) SE Runtime Environment (17.0.12+8) (build 17.0.12+8-LTS-286)
# Java VM: Java HotSpot(TM) 64-Bit Server VM (17.0.12+8-LTS-286, mixed mode, sharing, tiered, compressed oops, compressed class ptrs, g1 gc, windows-amd64)
GC Precious Log:
 CPUs: 8 total, 8 available
 Memory: 32582M
 Large Page Support: Disabled
 NUMA Support: Disabled
 Compressed Oops: Enabled (Zero based)
 Heap Region Size: 4M
 Heap Min Capacity: 8M
 Heap Initial Capacity: 512M
 Heap Max Capacity: 8148M
 Pre-touch: Disabled
 Parallel Workers: 8
 Concurrent Workers: 2
 Concurrent Refinement Workers: 8
 Periodic GC: Disabled
Heap:
 garbage-first heap   total 233472K, used 74254K [0x0000000602c00000, 0x0000000800000000)
  region size 4096K, 7 young (28672K), 3 survivors (12288K)
 Metaspace       used 24130K, committed 24448K, reserved 1114112K
  class space    used 3126K, committed 3264K, reserved 1048576K
GC Heap History (12 events):
Event: 0.184 GC heap before
{Heap before GC invocations=0 (full 0):
 garbage-first heap   total 524288K, used 20480K [0x0000000602c00000, 0x0000000800000000)
  region size 4096K, 6 young (24576K), 0 survivors (0K)
 Metaspace       used 277K, committed 384K, reserved 1114112K
  class space    used 14K, committed 64K, reserved 1048576K
}
Event: 0.189 GC heap after
{Heap after GC invocations=1 (full 0):
 garbage-first heap   total 524288K, used 11880K [0x0000000602c00000, 0x0000000800000000)
  region size 4096K, 1 young (4096K), 1 survivors (4096K)
 Metaspace       used 277K, committed 384K, reserved 1114112K
  class space    used 14K, committed 64K, reserved 1048576K
}
Event: 0.327 GC heap before
{Heap before GC invocations=1 (full 0):
 garbage-first heap   total 524288K, used 28264K [0x0000000602c00000, 0x0000000800000000)
  region size 4096K, 6 young (24576K), 1 survivors (4096K)
 Metaspace       used 1711K, committed 1920K, reserved 1114112K
  class space    used 160K, committed 256K, reserved 1048576K
}
Event: 0.334 GC heap after
{Heap after GC invocations=2 (full 0):
 garbage-first heap   total 524288K, used 27627K [0x0000000602c00000, 0x0000000800000000)
  region size 4096K, 1 young (4096K), 1 survivors (4096K)
 Metaspace       used 1711K, committed 1920K, reserved 1114112K
  class space    used 160K, committed 256K, reserved 1048576K
}
Event: 0.507 GC heap before
{Heap before GC invocations=2 (full 0):
 garbage-first heap   total 524288K, used 44011K [0x0000000602c00000, 0x0000000800000000)
  region size 4096K, 6 young (24576K), 1 survivors (4096K)
 Metaspace       used 2659K, committed 2816K, reserved 1114112K
  class space    used 256K, committed 320K, reserved 1048576K
}
Event: 0.513 GC heap after
{Heap after GC invocations=3 (full 0):
 garbage-first heap   total 524288K, used 37434K [0x0000000602c00000, 0x0000000800000000)
  region size 4096K, 1 young (4096K), 1 survivors (4096K)
 Metaspace       used 2659K, committed 2816K, reserved 1114112K
  class space    used 256K, committed 320K, reserved 1048576K
}
Event: 0.708 GC heap before
{Heap before GC invocations=3 (full 0):
 garbage-first heap   total 524288K, used 66106K [0x0000000602c00000, 0x0000000800000000)
  region size 4096K, 9 young (36864K), 1 survivors (4096K)
 Metaspace       used 3720K, committed 3904K, reserved 1114112K
  class space    used 371K, committed 448K, reserved 1048576K
}
Event: 0.713 GC heap after
{Heap after GC invocations=4 (full 0):
 garbage-first heap   total 524288K, used 46437K [0x0000000602c00000, 0x0000000800000000)
  region size 4096K, 2 young (8192K), 2 survivors (8192K)
 Metaspace       used 3720K, committed 3904K, reserved 1114112K
  class space    used 371K, committed 448K, reserved 1048576K
}
Event: 10.066 GC heap before
{Heap before GC invocations=4 (full 0):
 garbage-first heap   total 524288K, used 345445K [0x0000000602c00000, 0x0000000800000000)
  region size 4096K, 76 young (311296K), 2 survivors (8192K)
 Metaspace       used 19420K, committed 19712K, reserved 1114112K
  class space    used 2468K, committed 2624K, reserved 1048576K
}
Event: 10.096 GC heap after
{Heap after GC invocations=5 (full 0):
 garbage-first heap   total 671744K, used 68626K [0x0000000602c00000, 0x0000000800000000)
  region size 4096K, 8 young (32768K), 8 survivors (32768K)
 Metaspace       used 19420K, committed 19712K, reserved 1114112K
  class space    used 2468K, committed 2624K, reserved 1048576K
}
Event: 11.368 GC heap before
{Heap before GC invocations=5 (full 0):
 garbage-first heap   total 671744K, used 187410K [0x0000000602c00000, 0x0000000800000000)
  region size 4096K, 39 young (159744K), 8 survivors (32768K)
 Metaspace       used 21244K, committed 21504K, reserved 1114112K
  class space    used 2674K, committed 2816K, reserved 1048576K
}
Event: 11.380 GC heap after
{Heap after GC invocations=6 (full 0):
 garbage-first heap   total 671744K, used 66062K [0x0000000602c00000, 0x0000000800000000)
  region size 4096K, 3 young (12288K), 3 survivors (12288K)
 Metaspace       used 21244K, committed 21504K, reserved 1114112K
  class space    used 2674K, committed 2816K, reserved 1048576K
}

